mode: atomic
github.com/ThCompiler/sdi/internal/conv.go:3.29,5.2 1 1
github.com/ThCompiler/sdi/builder.go:17.28,19.2 1 7
github.com/ThCompiler/sdi/builder.go:36.112,37.44 1 11
github.com/ThCompiler/sdi/builder.go:37.44,39.3 1 2
github.com/ThCompiler/sdi/builder.go:41.2,48.3 1 9
github.com/ThCompiler/sdi/builder.go:58.77,61.44 2 5
github.com/ThCompiler/sdi/builder.go:61.44,63.3 1 1
github.com/ThCompiler/sdi/builder.go:65.2,66.16 2 4
github.com/ThCompiler/sdi/builder.go:66.16,68.3 1 1
github.com/ThCompiler/sdi/builder.go:70.2,74.68 3 3
github.com/ThCompiler/sdi/builder.go:74.68,78.3 2 6
github.com/ThCompiler/sdi/builder.go:78.17,80.3 1 1
github.com/ThCompiler/sdi/builder.go:82.2,83.9 2 2
github.com/ThCompiler/sdi/builder.go:83.9,85.3 1 0
github.com/ThCompiler/sdi/builder.go:87.2,88.9 2 2
github.com/ThCompiler/sdi/builder.go:88.9,90.3 1 0
github.com/ThCompiler/sdi/builder.go:92.2,92.19 1 2
github.com/ThCompiler/sdi/builder.go:98.81,99.44 1 5
github.com/ThCompiler/sdi/builder.go:99.44,101.3 1 2
github.com/ThCompiler/sdi/builder.go:103.2,104.16 2 3
github.com/ThCompiler/sdi/builder.go:104.16,106.3 1 1
github.com/ThCompiler/sdi/builder.go:108.2,109.16 2 2
github.com/ThCompiler/sdi/builder.go:109.16,111.3 1 1
github.com/ThCompiler/sdi/builder.go:113.2,113.15 1 1
github.com/ThCompiler/sdi/builder.go:118.33,119.61 1 8
github.com/ThCompiler/sdi/builder.go:119.61,121.3 1 0
github.com/ThCompiler/sdi/builder.go:123.2,126.28 3 8
github.com/ThCompiler/sdi/builder.go:126.28,130.3 1 2
github.com/ThCompiler/sdi/builder.go:132.2,133.16 2 6
github.com/ThCompiler/sdi/builder.go:133.16,135.3 1 0
github.com/ThCompiler/sdi/builder.go:137.2,138.19 2 6
github.com/ThCompiler/sdi/builder.go:138.19,142.3 1 0
github.com/ThCompiler/sdi/builder.go:144.2,145.16 2 6
github.com/ThCompiler/sdi/builder.go:145.16,147.3 1 1
github.com/ThCompiler/sdi/builder.go:149.2,151.29 2 5
github.com/ThCompiler/sdi/builder.go:154.111,158.15 3 7
github.com/ThCompiler/sdi/builder.go:158.15,160.3 1 1
github.com/ThCompiler/sdi/builder.go:162.2,162.45 1 7
github.com/ThCompiler/sdi/builder.go:162.45,164.72 2 6
github.com/ThCompiler/sdi/builder.go:164.72,166.4 1 0
github.com/ThCompiler/sdi/builder.go:168.3,168.16 1 6
github.com/ThCompiler/sdi/builder.go:168.16,170.4 1 1
github.com/ThCompiler/sdi/builder.go:172.3,172.20 1 5
github.com/ThCompiler/sdi/builder.go:175.2,176.9 2 1
github.com/ThCompiler/sdi/builder.go:176.9,178.3 1 1
github.com/ThCompiler/sdi/builder.go:180.2,180.35 1 0
github.com/ThCompiler/sdi/builder.go:183.98,184.40 1 7
github.com/ThCompiler/sdi/builder.go:184.40,186.3 1 0
github.com/ThCompiler/sdi/builder.go:188.2,188.64 1 7
github.com/ThCompiler/sdi/builder.go:188.64,190.19 2 4
github.com/ThCompiler/sdi/builder.go:190.19,191.12 1 0
github.com/ThCompiler/sdi/builder.go:194.3,195.10 2 4
github.com/ThCompiler/sdi/builder.go:195.10,197.4 1 1
github.com/ThCompiler/sdi/builder.go:199.3,200.17 2 3
github.com/ThCompiler/sdi/builder.go:200.17,202.4 1 0
github.com/ThCompiler/sdi/builder.go:204.3,204.17 1 3
github.com/ThCompiler/sdi/builder.go:207.2,207.12 1 6
github.com/ThCompiler/sdi/builder.go:210.87,212.24 2 8
github.com/ThCompiler/sdi/builder.go:212.24,216.3 1 1
github.com/ThCompiler/sdi/builder.go:218.2,218.48 1 7
github.com/ThCompiler/sdi/builder.go:218.48,219.50 1 2
github.com/ThCompiler/sdi/builder.go:219.50,223.4 1 1
github.com/ThCompiler/sdi/builder.go:225.3,225.42 1 1
github.com/ThCompiler/sdi/builder.go:228.2,228.21 1 6
github.com/ThCompiler/sdi/builder.go:231.74,233.23 2 5
github.com/ThCompiler/sdi/builder.go:233.23,235.3 1 0
github.com/ThCompiler/sdi/builder.go:237.2,237.43 1 5
github.com/ThCompiler/sdi/builder.go:237.43,239.3 1 3
github.com/ThCompiler/sdi/builder.go:241.2,241.44 1 2
github.com/ThCompiler/sdi/builder.go:241.44,243.3 1 1
github.com/ThCompiler/sdi/builder.go:245.2,247.3 1 1
github.com/ThCompiler/sdi/builder.go:250.53,253.36 2 10
github.com/ThCompiler/sdi/builder.go:253.36,255.3 1 1
github.com/ThCompiler/sdi/builder.go:257.2,257.39 1 10
github.com/ThCompiler/sdi/builder.go:257.39,259.3 1 1
github.com/ThCompiler/sdi/builder.go:261.2,262.56 2 9
github.com/ThCompiler/sdi/builder.go:262.56,263.25 1 5
github.com/ThCompiler/sdi/builder.go:263.25,265.4 1 5
github.com/ThCompiler/sdi/builder.go:268.2,268.16 1 9
github.com/ThCompiler/sdi/dependency.go:27.109,28.19 1 7
github.com/ThCompiler/sdi/dependency.go:28.19,30.3 1 6
github.com/ThCompiler/sdi/dependency.go:32.2,32.20 1 7
github.com/ThCompiler/sdi/dependency.go:35.95,36.51 1 2
github.com/ThCompiler/sdi/dependency.go:36.51,38.3 1 1
github.com/ThCompiler/sdi/dependency.go:40.2,40.12 1 1
github.com/ThCompiler/sdi/dependency.go:43.114,49.2 1 12
github.com/ThCompiler/sdi/dependency.go:56.112,58.2 1 5
github.com/ThCompiler/sdi/dependency.go:60.98,62.2 1 4
github.com/ThCompiler/sdi/dependency.go:69.36,72.63 1 2
github.com/ThCompiler/sdi/dependency.go:72.63,74.4 1 2
github.com/ThCompiler/sdi/dependency.go:82.36,87.2 1 1
github.com/ThCompiler/sdi/dependency.go:92.36,95.56 1 2
github.com/ThCompiler/sdi/dependency.go:95.56,95.70 1 1
github.com/ThCompiler/sdi/dependency.go:102.39,103.56 1 1
github.com/ThCompiler/sdi/dependency.go:103.56,105.3 1 1
github.com/ThCompiler/sdi/graph.go:22.30,23.32 1 10
github.com/ThCompiler/sdi/graph.go:23.32,25.3 1 0
github.com/ThCompiler/sdi/graph.go:27.2,27.37 1 10
github.com/ThCompiler/sdi/graph.go:30.52,32.2 1 11
github.com/ThCompiler/sdi/graph.go:39.44,43.2 1 13
github.com/ThCompiler/sdi/graph.go:52.98,53.53 1 21
github.com/ThCompiler/sdi/graph.go:53.53,55.3 1 1
github.com/ThCompiler/sdi/graph.go:57.2,58.48 1 20
github.com/ThCompiler/sdi/graph.go:58.48,62.4 2 12
github.com/ThCompiler/sdi/graph.go:65.2,65.25 1 20
github.com/ThCompiler/sdi/graph.go:65.25,69.3 1 1
github.com/ThCompiler/sdi/graph.go:71.2,78.51 3 19
github.com/ThCompiler/sdi/graph.go:78.51,80.3 1 11
github.com/ThCompiler/sdi/graph.go:82.2,82.12 1 19
github.com/ThCompiler/sdi/graph.go:85.96,86.50 1 11
github.com/ThCompiler/sdi/graph.go:86.50,88.3 1 7
github.com/ThCompiler/sdi/graph.go:90.2,90.90 1 4
github.com/ThCompiler/sdi/graph.go:111.65,115.21 3 7
github.com/ThCompiler/sdi/graph.go:115.21,118.29 2 27
github.com/ThCompiler/sdi/graph.go:118.29,122.39 3 13
github.com/ThCompiler/sdi/graph.go:122.39,124.5 1 1
github.com/ThCompiler/sdi/graph.go:126.4,126.12 1 12
github.com/ThCompiler/sdi/graph.go:129.3,131.40 2 14
github.com/ThCompiler/sdi/graph.go:131.40,133.11 2 8
github.com/ThCompiler/sdi/graph.go:134.27,141.69 1 1
github.com/ThCompiler/sdi/graph.go:142.13,143.31 1 7
github.com/ThCompiler/sdi/graph.go:148.2,148.12 1 5
github.com/ThCompiler/sdi/graph.go:155.42,159.2 1 8
github.com/ThCompiler/sdi/graph.go:161.70,164.46 2 3
github.com/ThCompiler/sdi/graph.go:164.46,165.38 1 7
github.com/ThCompiler/sdi/graph.go:165.38,170.4 4 4
github.com/ThCompiler/sdi/graph.go:172.3,172.13 1 7
github.com/ThCompiler/sdi/graph.go:174.2,174.16 1 3
github.com/ThCompiler/sdi/graph.go:174.16,176.3 1 0
github.com/ThCompiler/sdi/graph.go:178.2,180.24 2 3
github.com/ThCompiler/sdi/graph.go:183.90,184.46 1 4
github.com/ThCompiler/sdi/graph.go:184.46,186.3 1 6
